  dbfdump.c
C:\Users\zackm\source\repos\InOutRegion\InOutRegion\dbfdump.c(190,6): error C4996: 'sprintf': This function or variable may be unsafe. Consider using sprintf_s instead. To disable deprecation, use _CRT_SECURE_NO_WARNINGS. See online help for details.
C:\Users\zackm\source\repos\InOutRegion\InOutRegion\dbfdump.c(192,6): error C4996: 'sprintf': This function or variable may be unsafe. Consider using sprintf_s instead. To disable deprecation, use _CRT_SECURE_NO_WARNINGS. See online help for details.
C:\Users\zackm\source\repos\InOutRegion\InOutRegion\dbfdump.c(225,25): error C4996: 'sprintf': This function or variable may be unsafe. Consider using sprintf_s instead. To disable deprecation, use _CRT_SECURE_NO_WARNINGS. See online help for details.
C:\Users\zackm\source\repos\InOutRegion\InOutRegion\dbfdump.c(227,25): error C4996: 'sprintf': This function or variable may be unsafe. Consider using sprintf_s instead. To disable deprecation, use _CRT_SECURE_NO_WARNINGS. See online help for details.
C:\Users\zackm\source\repos\InOutRegion\InOutRegion\dbfdump.c(236,25): error C4996: 'sprintf': This function or variable may be unsafe. Consider using sprintf_s instead. To disable deprecation, use _CRT_SECURE_NO_WARNINGS. See online help for details.
C:\Users\zackm\source\repos\InOutRegion\InOutRegion\dbfdump.c(242,25): error C4996: 'sprintf': This function or variable may be unsafe. Consider using sprintf_s instead. To disable deprecation, use _CRT_SECURE_NO_WARNINGS. See online help for details.
C:\Users\zackm\source\repos\InOutRegion\InOutRegion\dbfdump.c(248,25): error C4996: 'sprintf': This function or variable may be unsafe. Consider using sprintf_s instead. To disable deprecation, use _CRT_SECURE_NO_WARNINGS. See online help for details.
C:\Users\zackm\source\repos\InOutRegion\InOutRegion\dbfdump.c(264,17): error C4996: 'sprintf': This function or variable may be unsafe. Consider using sprintf_s instead. To disable deprecation, use _CRT_SECURE_NO_WARNINGS. See online help for details.
C:\Users\zackm\source\repos\InOutRegion\InOutRegion\dbfdump.c(275,3): error C4996: 'sprintf': This function or variable may be unsafe. Consider using sprintf_s instead. To disable deprecation, use _CRT_SECURE_NO_WARNINGS. See online help for details.
  dbfopen.c
C:\Users\zackm\source\repos\InOutRegion\InOutRegion\dbfopen.c(651,9): error C4996: 'strcpy': This function or variable may be unsafe. Consider using strcpy_s instead. To disable deprecation, use _CRT_SECURE_NO_WARNINGS. See online help for details.
C:\Users\zackm\source\repos\InOutRegion\InOutRegion\dbfopen.c(907,9): error C4996: 'strcpy': This function or variable may be unsafe. Consider using strcpy_s instead. To disable deprecation, use _CRT_SECURE_NO_WARNINGS. See online help for details.
C:\Users\zackm\source\repos\InOutRegion\InOutRegion\dbfopen.c(1060,5): error C4996: 'strncpy': This function or variable may be unsafe. Consider using strncpy_s instead. To disable deprecation, use _CRT_SECURE_NO_WARNINGS. See online help for details.
C:\Users\zackm\source\repos\InOutRegion\InOutRegion\dbfopen.c(1417,2): error C4996: 'strncpy': This function or variable may be unsafe. Consider using strncpy_s instead. To disable deprecation, use _CRT_SECURE_NO_WARNINGS. See online help for details.
C:\Users\zackm\source\repos\InOutRegion\InOutRegion\dbfopen.c(1531,9): error C4996: 'strncpy': This function or variable may be unsafe. Consider using strncpy_s instead. To disable deprecation, use _CRT_SECURE_NO_WARNINGS. See online help for details.
C:\Users\zackm\source\repos\InOutRegion\InOutRegion\dbfopen.c(1555,2): error C4996: 'strncpy': This function or variable may be unsafe. Consider using strncpy_s instead. To disable deprecation, use _CRT_SECURE_NO_WARNINGS. See online help for details.
C:\Users\zackm\source\repos\InOutRegion\InOutRegion\dbfopen.c(1624,5): error C4996: 'strncpy': This function or variable may be unsafe. Consider using strncpy_s instead. To disable deprecation, use _CRT_SECURE_NO_WARNINGS. See online help for details.
C:\Users\zackm\source\repos\InOutRegion\InOutRegion\dbfopen.c(1863,13): error C4996: 'stricmp': The POSIX name for this item is deprecated. Instead, use the ISO C and C++ conformant name: _stricmp. See online help for details.
C:\Users\zackm\source\repos\InOutRegion\InOutRegion\dbfopen.c(2246,5): error C4996: 'strncpy': This function or variable may be unsafe. Consider using strncpy_s instead. To disable deprecation, use _CRT_SECURE_NO_WARNINGS. See online help for details.
  safileio.c
C:\Users\zackm\source\repos\InOutRegion\InOutRegion\safileio.c(95,21): error C4996: 'fopen': This function or variable may be unsafe. Consider using fopen_s instead. To disable deprecation, use _CRT_SECURE_NO_WARNINGS. See online help for details.
C:\Users\zackm\source\repos\InOutRegion\InOutRegion\safileio.c(245,25): error C4996: '_wfopen': This function or variable may be unsafe. Consider using _wfopen_s instead. To disable deprecation, use _CRT_SECURE_NO_WARNINGS. See online help for details.
  shpadd.c
C:\Users\zackm\source\repos\InOutRegion\InOutRegion\shpadd.c(213,13): error C4996: 'sscanf': This function or variable may be unsafe. Consider using sscanf_s instead. To disable deprecation, use _CRT_SECURE_NO_WARNINGS. See online help for details.
C:\Users\zackm\source\repos\InOutRegion\InOutRegion\shpadd.c(214,13): error C4996: 'sscanf': This function or variable may be unsafe. Consider using sscanf_s instead. To disable deprecation, use _CRT_SECURE_NO_WARNINGS. See online help for details.
C:\Users\zackm\source\repos\InOutRegion\InOutRegion\shpadd.c(216,17): error C4996: 'sscanf': This function or variable may be unsafe. Consider using sscanf_s instead. To disable deprecation, use _CRT_SECURE_NO_WARNINGS. See online help for details.
C:\Users\zackm\source\repos\InOutRegion\InOutRegion\shpadd.c(218,17): error C4996: 'sscanf': This function or variable may be unsafe. Consider using sscanf_s instead. To disable deprecation, use _CRT_SECURE_NO_WARNINGS. See online help for details.
  shpopen.c
C:\Users\zackm\source\repos\InOutRegion\InOutRegion\shpopen.c(492,53): error C4996: 'strerror': This function or variable may be unsafe. Consider using strerror_s instead. To disable deprecation, use _CRT_SECURE_NO_WARNINGS. See online help for details.
C:\Users\zackm\source\repos\InOutRegion\InOutRegion\shpopen.c(511,53): error C4996: 'strerror': This function or variable may be unsafe. Consider using strerror_s instead. To disable deprecation, use _CRT_SECURE_NO_WARNINGS. See online help for details.
C:\Users\zackm\source\repos\InOutRegion\InOutRegion\shpopen.c(542,55): error C4996: 'strerror': This function or variable may be unsafe. Consider using strerror_s instead. To disable deprecation, use _CRT_SECURE_NO_WARNINGS. See online help for details.
C:\Users\zackm\source\repos\InOutRegion\InOutRegion\shpopen.c(869,35): error C4996: 'strerror': This function or variable may be unsafe. Consider using strerror_s instead. To disable deprecation, use _CRT_SECURE_NO_WARNINGS. See online help for details.
C:\Users\zackm\source\repos\InOutRegion\InOutRegion\shpopen.c(1304,32): error C4996: 'strerror': This function or variable may be unsafe. Consider using strerror_s instead. To disable deprecation, use _CRT_SECURE_NO_WARNINGS. See online help for details.
C:\Users\zackm\source\repos\InOutRegion\InOutRegion\shpopen.c(1317,32): error C4996: 'strerror': This function or variable may be unsafe. Consider using strerror_s instead. To disable deprecation, use _CRT_SECURE_NO_WARNINGS. See online help for details.
C:\Users\zackm\source\repos\InOutRegion\InOutRegion\shpopen.c(1358,53): error C4996: 'strerror': This function or variable may be unsafe. Consider using strerror_s instead. To disable deprecation, use _CRT_SECURE_NO_WARNINGS. See online help for details.
C:\Users\zackm\source\repos\InOutRegion\InOutRegion\shpopen.c(1377,53): error C4996: 'strerror': This function or variable may be unsafe. Consider using strerror_s instead. To disable deprecation, use _CRT_SECURE_NO_WARNINGS. See online help for details.
C:\Users\zackm\source\repos\InOutRegion\InOutRegion\shpopen.c(1957,19): error C4996: 'strerror': This function or variable may be unsafe. Consider using strerror_s instead. To disable deprecation, use _CRT_SECURE_NO_WARNINGS. See online help for details.
C:\Users\zackm\source\repos\InOutRegion\InOutRegion\shpopen.c(1970,32): error C4996: 'strerror': This function or variable may be unsafe. Consider using strerror_s instead. To disable deprecation, use _CRT_SECURE_NO_WARNINGS. See online help for details.
  shptreedump.c
C:\Users\zackm\source\repos\InOutRegion\InOutRegion\shptreedump.c(181,20): error C4996: 'fopen': This function or variable may be unsafe. Consider using fopen_s instead. To disable deprecation, use _CRT_SECURE_NO_WARNINGS. See online help for details.
C:\Users\zackm\source\repos\InOutRegion\InOutRegion\shptreedump.c(350,5): error C4996: 'strcpy': This function or variable may be unsafe. Consider using strcpy_s instead. To disable deprecation, use _CRT_SECURE_NO_WARNINGS. See online help for details.
C:\Users\zackm\source\repos\InOutRegion\InOutRegion\shptreedump.c(352,9): error C4996: 'strcat': This function or variable may be unsafe. Consider using strcat_s instead. To disable deprecation, use _CRT_SECURE_NO_WARNINGS. See online help for details.
  shputils.c
C:\Users\zackm\source\repos\InOutRegion\InOutRegion\shputils.c(188,5): error C4996: 'strcpy': This function or variable may be unsafe. Consider using strcpy_s instead. To disable deprecation, use _CRT_SECURE_NO_WARNINGS. See online help for details.
C:\Users\zackm\source\repos\InOutRegion\InOutRegion\shputils.c(190,9): error C4996: 'strcpy': This function or variable may be unsafe. Consider using strcpy_s instead. To disable deprecation, use _CRT_SECURE_NO_WARNINGS. See online help for details.
C:\Users\zackm\source\repos\InOutRegion\InOutRegion\shputils.c(197,9): error C4996: 'strcpy': This function or variable may be unsafe. Consider using strcpy_s instead. To disable deprecation, use _CRT_SECURE_NO_WARNINGS. See online help for details.
C:\Users\zackm\source\repos\InOutRegion\InOutRegion\shputils.c(210,10): error C4996: 'strcpy': This function or variable may be unsafe. Consider using strcpy_s instead. To disable deprecation, use _CRT_SECURE_NO_WARNINGS. See online help for details.
C:\Users\zackm\source\repos\InOutRegion\InOutRegion\shputils.c(214,10): error C4996: 'strcpy': This function or variable may be unsafe. Consider using strcpy_s instead. To disable deprecation, use _CRT_SECURE_NO_WARNINGS. See online help for details.
C:\Users\zackm\source\repos\InOutRegion\InOutRegion\shputils.c(236,17): error C4996: 'strcpy': This function or variable may be unsafe. Consider using strcpy_s instead. To disable deprecation, use _CRT_SECURE_NO_WARNINGS. See online help for details.
C:\Users\zackm\source\repos\InOutRegion\InOutRegion\shputils.c(237,17): error C4996: 'sscanf': This function or variable may be unsafe. Consider using sscanf_s instead. To disable deprecation, use _CRT_SECURE_NO_WARNINGS. See online help for details.
C:\Users\zackm\source\repos\InOutRegion\InOutRegion\shputils.c(258,21): error C4996: 'sscanf': This function or variable may be unsafe. Consider using sscanf_s instead. To disable deprecation, use _CRT_SECURE_NO_WARNINGS. See online help for details.
C:\Users\zackm\source\repos\InOutRegion\InOutRegion\shputils.c(261,21): error C4996: 'sscanf': This function or variable may be unsafe. Consider using sscanf_s instead. To disable deprecation, use _CRT_SECURE_NO_WARNINGS. See online help for details.
C:\Users\zackm\source\repos\InOutRegion\InOutRegion\shputils.c(264,21): error C4996: 'sscanf': This function or variable may be unsafe. Consider using sscanf_s instead. To disable deprecation, use _CRT_SECURE_NO_WARNINGS. See online help for details.
C:\Users\zackm\source\repos\InOutRegion\InOutRegion\shputils.c(287,21): error C4996: 'sscanf': This function or variable may be unsafe. Consider using sscanf_s instead. To disable deprecation, use _CRT_SECURE_NO_WARNINGS. See online help for details.
C:\Users\zackm\source\repos\InOutRegion\InOutRegion\shputils.c(303,17): error C4996: 'sscanf': This function or variable may be unsafe. Consider using sscanf_s instead. To disable deprecation, use _CRT_SECURE_NO_WARNINGS. See online help for details.
C:\Users\zackm\source\repos\InOutRegion\InOutRegion\shputils.c(306,17): error C4996: 'sscanf': This function or variable may be unsafe. Consider using sscanf_s instead. To disable deprecation, use _CRT_SECURE_NO_WARNINGS. See online help for details.
C:\Users\zackm\source\repos\InOutRegion\InOutRegion\shputils.c(565,5): error C4996: 'strcat': This function or variable may be unsafe. Consider using strcat_s instead. To disable deprecation, use _CRT_SECURE_NO_WARNINGS. See online help for details.
C:\Users\zackm\source\repos\InOutRegion\InOutRegion\shputils.c(566,5): error C4996: 'strcat': This function or variable may be unsafe. Consider using strcat_s instead. To disable deprecation, use _CRT_SECURE_NO_WARNINGS. See online help for details.
C:\Users\zackm\source\repos\InOutRegion\InOutRegion\shputils.c(679,13): error C4996: 'strcpy': This function or variable may be unsafe. Consider using strcpy_s instead. To disable deprecation, use _CRT_SECURE_NO_WARNINGS. See online help for details.
C:\Users\zackm\source\repos\InOutRegion\InOutRegion\shputils.c(680,13): error C4996: 'strcpy': This function or variable may be unsafe. Consider using strcpy_s instead. To disable deprecation, use _CRT_SECURE_NO_WARNINGS. See online help for details.
C:\Users\zackm\source\repos\InOutRegion\InOutRegion\shputils.c(683,17): error C4996: 'strncpy': This function or variable may be unsafe. Consider using strncpy_s instead. To disable deprecation, use _CRT_SECURE_NO_WARNINGS. See online help for details.
C:\Users\zackm\source\repos\InOutRegion\InOutRegion\shputils.c(685,57): error C4996: 'strncpy': This function or variable may be unsafe. Consider using strncpy_s instead. To disable deprecation, use _CRT_SECURE_NO_WARNINGS. See online help for details.
C:\Users\zackm\source\repos\InOutRegion\InOutRegion\shputils.c(686,57): error C4996: 'strncpy': This function or variable may be unsafe. Consider using strncpy_s instead. To disable deprecation, use _CRT_SECURE_NO_WARNINGS. See online help for details.
C:\Users\zackm\source\repos\InOutRegion\InOutRegion\shputils.c(726,13): error C4996: 'sprintf': This function or variable may be unsafe. Consider using sprintf_s instead. To disable deprecation, use _CRT_SECURE_NO_WARNINGS. See online help for details.
C:\Users\zackm\source\repos\InOutRegion\InOutRegion\shputils.c(729,17): error C4996: 'sprintf': This function or variable may be unsafe. Consider using sprintf_s instead. To disable deprecation, use _CRT_SECURE_NO_WARNINGS. See online help for details.
  Generating Code...
